(env) ubuntu@ip-172-31-36-252:/mnt/sld/imagenet18$ python3.6 train.py --machines=1
2018-10-08 19:45:04.680378 0.imagenet: Using account 318581613021, region us-east-1, zone 
2018-10-08 19:45:04.899363 0.imagenet: Missing ncluster-ubuntu keypair, creating resources
Creating ncluster resources in region us-east-1
Creating VPC ncluster
Creating internet gateway ncluster
Creating subnet 192.168.0.0/20 in zone us-east-1a
Creating subnet 192.168.16.0/20 in zone us-east-1b
Creating subnet 192.168.32.0/20 in zone us-east-1c
Creating subnet 192.168.48.0/20 in zone us-east-1d
Creating subnet 192.168.64.0/20 in zone us-east-1e
Creating subnet 192.168.80.0/20 in zone us-east-1f
Creating security group ncluster
Creating keypair ncluster-ubuntu
efs_client.describe_file_systems failed with <class 'botocore.exceptions.ClientError'>(An error occurred (AccessDeniedException) when calling the DescribeFileSystems operation: User: arn:aws:iam::318581613021:user/sld_project is not authorized to perform: elasticfilesystem:DescribeFileSystems on the specified resource), retrying
efs_client.describe_file_systems failed with <class 'botocore.exceptions.ClientError'>(An error occurred (AccessDeniedException) when calling the DescribeFileSystems operation: User: arn:aws:iam::318581613021:user/sld_project is not authorized to perform: elasticfilesystem:DescribeFileSystems on the specified resource), retrying
efs_client.describe_file_systems failed with <class 'botocore.exceptions.ClientError'>(An error occurred (AccessDeniedException) when calling the DescribeFileSystems operation: User: arn:aws:iam::318581613021:user/sld_project is not authorized to perform: elasticfilesystem:DescribeFileSystems on the specified resource), retrying
efs_client.describe_file_systems failed with <class 'botocore.exceptions.ClientError'>(An error occurred (AccessDeniedException) when calling the DescribeFileSystems operation: User: arn:aws:iam::318581613021:user/sld_project is not authorized to perform: elasticfilesystem:DescribeFileSystems on the specified resource), retrying
efs_client.describe_file_systems failed with <class 'botocore.exceptions.ClientError'>(An error occurred (AccessDeniedException) when calling the DescribeFileSystems operation: User: arn:aws:iam::318581613021:user/sld_project is not authorized to perform: elasticfilesystem:DescribeFileSystems on the specified resource), retrying
efs_client.describe_file_systems failed with <class 'botocore.exceptions.ClientError'>(An error occurred (AccessDeniedException) when calling the DescribeFileSystems operation: User: arn:aws:iam::318581613021:user/sld_project is not authorized to perform: elasticfilesystem:DescribeFileSystems on the specified resource), retrying
efs_client.describe_file_systems failed with <class 'botocore.exceptions.ClientError'>(An error occurred (AccessDeniedException) when calling the DescribeFileSystems operation: User: arn:aws:iam::318581613021:user/sld_project is not authorized to perform: elasticfilesystem:DescribeFileSystems on the specified resource), retrying
efs_client.describe_file_systems failed with <class 'botocore.exceptions.ClientError'>(An error occurred (AccessDeniedException) when calling the DescribeFileSystems operation: User: arn:aws:iam::318581613021:user/sld_project is not authorized to perform: elasticfilesystem:DescribeFileSystems on the specified resource), retrying
efs_client.describe_file_systems failed with <class 'botocore.exceptions.ClientError'>(An error occurred (AccessDeniedException) when calling the DescribeFileSystems operation: User: arn:aws:iam::318581613021:user/sld_project is not authorized to perform: elasticfilesystem:DescribeFileSystems on the specified resource), retrying
efs_client.describe_file_systems failed with <class 'botocore.exceptions.ClientError'>(An error occurred (AccessDeniedException) when calling the DescribeFileSystems operation: User: arn:aws:iam::318581613021:user/sld_project is not authorized to perform: elasticfilesystem:DescribeFileSystems on the specified resource), retrying
efs_client.describe_file_systems failed with <class 'botocore.exceptions.ClientError'>(An error occurred (AccessDeniedException) when calling the DescribeFileSystems operation: User: arn:aws:iam::318581613021:user/sld_project is not authorized to perform: elasticfilesystem:DescribeFileSystems on the specified resource), retrying
efs_client.describe_file_systems failed with <class 'botocore.exceptions.ClientError'>(An error occurred (AccessDeniedException) when calling the DescribeFileSystems operation: User: arn:aws:iam::318581613021:user/sld_project is not authorized to perform: elasticfilesystem:DescribeFileSystems on the specified resource), retrying
efs_client.describe_file_systems failed with <class 'botocore.exceptions.ClientError'>(An error occurred (AccessDeniedException) when calling the DescribeFileSystems operation: User: arn:aws:iam::318581613021:user/sld_project is not authorized to perform: elasticfilesystem:DescribeFileSystems on the specified resource), retrying
efs_client.describe_file_systems failed with <class 'botocore.exceptions.ClientError'>(An error occurred (AccessDeniedException) when calling the DescribeFileSystems operation: User: arn:aws:iam::318581613021:user/sld_project is not authorized to perform: elasticfilesystem:DescribeFileSystems on the specified resource), retrying
efs_client.describe_file_systems failed with <class 'botocore.exceptions.ClientError'>(An error occurred (AccessDeniedException) when calling the DescribeFileSystems operation: User: arn:aws:iam::318581613021:user/sld_project is not authorized to perform: elasticfilesystem:DescribeFileSystems on the specified resource), retrying
efs_client.describe_file_systems failed with <class 'botocore.exceptions.ClientError'>(An error occurred (AccessDeniedException) when calling the DescribeFileSystems operation: User: arn:aws:iam::318581613021:user/sld_project is not authorized to perform: elasticfilesystem:DescribeFileSystems on the specified resource), retrying
efs_client.describe_file_systems failed with <class 'botocore.exceptions.ClientError'>(An error occurred (AccessDeniedException) when calling the DescribeFileSystems operation: User: arn:aws:iam::318581613021:user/sld_project is not authorized to perform: elasticfilesystem:DescribeFileSystems on the specified resource), retrying
efs_client.describe_file_systems failed with <class 'botocore.exceptions.ClientError'>(An error occurred (AccessDeniedException) when calling the DescribeFileSystems operation: User: arn:aws:iam::318581613021:user/sld_project is not authorized to perform: elasticfilesystem:DescribeFileSystems on the specified resource), retrying
efs_client.describe_file_systems failed with <class 'botocore.exceptions.ClientError'>(An error occurred (AccessDeniedException) when calling the DescribeFileSystems operation: User: arn:aws:iam::318581613021:user/sld_project is not authorized to perform: elasticfilesystem:DescribeFileSystems on the specified resource), retrying
efs_client.describe_file_systems failed with <class 'botocore.exceptions.ClientError'>(An error occurred (AccessDeniedException) when calling the DescribeFileSystems operation: User: arn:aws:iam::318581613021:user/sld_project is not authorized to perform: elasticfilesystem:DescribeFileSystems on the specified resource), retrying
efs_client.describe_file_systems failed with <class 'botocore.exceptions.ClientError'>(An error occurred (AccessDeniedException) when calling the DescribeFileSystems operation: User: arn:aws:iam::318581613021:user/sld_project is not authorized to perform: elasticfilesystem:DescribeFileSystems on the specified resource), retrying
efs_client.describe_file_systems failed with <class 'botocore.exceptions.ClientError'>(An error occurred (AccessDeniedException) when calling the DescribeFileSystems operation: User: arn:aws:iam::318581613021:user/sld_project is not authorized to perform: elasticfilesystem:DescribeFileSystems on the specified resource), retrying
efs_client.describe_file_systems failed with <class 'botocore.exceptions.ClientError'>(An error occurred (AccessDeniedException) when calling the DescribeFileSystems operation: User: arn:aws:iam::318581613021:user/sld_project is not authorized to perform: elasticfilesystem:DescribeFileSystems on the specified resource), retrying
efs_client.describe_file_systems failed with <class 'botocore.exceptions.ClientError'>(An error occurred (AccessDeniedException) when calling the DescribeFileSystems operation: User: arn:aws:iam::318581613021:user/sld_project is not authorized to perform: elasticfilesystem:DescribeFileSystems on the specified resource), retrying
efs_client.describe_file_systems failed with <class 'botocore.exceptions.ClientError'>(An error occurred (AccessDeniedException) when calling the DescribeFileSystems operation: User: arn:aws:iam::318581613021:user/sld_project is not authorized to perform: elasticfilesystem:DescribeFileSystems on the specified resource), retrying
efs_client.describe_file_systems failed with <class 'botocore.exceptions.ClientError'>(An error occurred (AccessDeniedException) when calling the DescribeFileSystems operation: User: arn:aws:iam::318581613021:user/sld_project is not authorized to perform: elasticfilesystem:DescribeFileSystems on the specified resource), retrying
efs_client.describe_file_systems failed with <class 'botocore.exceptions.ClientError'>(An error occurred (AccessDeniedException) when calling the DescribeFileSystems operation: User: arn:aws:iam::318581613021:user/sld_project is not authorized to perform: elasticfilesystem:DescribeFileSystems on the specified resource), retrying
efs_client.describe_file_systems failed with <class 'botocore.exceptions.ClientError'>(An error occurred (AccessDeniedException) when calling the DescribeFileSystems operation: User: arn:aws:iam::318581613021:user/sld_project is not authorized to perform: elasticfilesystem:DescribeFileSystems on the specified resource), retrying
efs_client.describe_file_systems failed with <class 'botocore.exceptions.ClientError'>(An error occurred (AccessDeniedException) when calling the DescribeFileSystems operation: User: arn:aws:iam::318581613021:user/sld_project is not authorized to perform: elasticfilesystem:DescribeFileSystems on the specified resource), retrying
efs_client.describe_file_systems failed with <class 'botocore.exceptions.ClientError'>(An error occurred (AccessDeniedException) when calling the DescribeFileSystems operation: User: arn:aws:iam::318581613021:user/sld_project is not authorized to perform: elasticfilesystem:DescribeFileSystems on the specified resource), retrying
efs_client.describe_file_systems failed with <class 'botocore.exceptions.ClientError'>(An error occurred (AccessDeniedException) when calling the DescribeFileSystems operation: User: arn:aws:iam::318581613021:user/sld_project is not authorized to perform: elasticfilesystem:DescribeFileSystems on the specified resource), retrying
efs_client.describe_file_systems failed with <class 'botocore.exceptions.ClientError'>(An error occurred (AccessDeniedException) when calling the DescribeFileSystems operation: User: arn:aws:iam::318581613021:user/sld_project is not authorized to perform: elasticfilesystem:DescribeFileSystems on the specified resource), retrying
efs_client.describe_file_systems failed with <class 'botocore.exceptions.ClientError'>(An error occurred (AccessDeniedException) when calling the DescribeFileSystems operation: User: arn:aws:iam::318581613021:user/sld_project is not authorized to perform: elasticfilesystem:DescribeFileSystems on the specified resource), retrying
efs_client.describe_file_systems failed with <class 'botocore.exceptions.ClientError'>(An error occurred (AccessDeniedException) when calling the DescribeFileSystems operation: User: arn:aws:iam::318581613021:user/sld_project is not authorized to perform: elasticfilesystem:DescribeFileSystems on the specified resource), retrying
efs_client.describe_file_systems failed with <class 'botocore.exceptions.ClientError'>(An error occurred (AccessDeniedException) when calling the DescribeFileSystems operation: User: arn:aws:iam::318581613021:user/sld_project is not authorized to perform: elasticfilesystem:DescribeFileSystems on the specified resource), retrying
efs_client.describe_file_systems failed with <class 'botocore.exceptions.ClientError'>(An error occurred (AccessDeniedException) when calling the DescribeFileSystems operation: User: arn:aws:iam::318581613021:user/sld_project is not authorized to perform: elasticfilesystem:DescribeFileSystems on the specified resource), retrying
efs_client.describe_file_systems failed with <class 'botocore.exceptions.ClientError'>(An error occurred (AccessDeniedException) when calling the DescribeFileSystems operation: User: arn:aws:iam::318581613021:user/sld_project is not authorized to perform: elasticfilesystem:DescribeFileSystems on the specified resource), retrying
efs_client.describe_file_systems failed with <class 'botocore.exceptions.ClientError'>(An error occurred (AccessDeniedException) when calling the DescribeFileSystems operation: User: arn:aws:iam::318581613021:user/sld_project is not authorized to perform: elasticfilesystem:DescribeFileSystems on the specified resource), retrying
efs_client.describe_file_systems failed with <class 'botocore.exceptions.ClientError'>(An error occurred (AccessDeniedException) when calling the DescribeFileSystems operation: User: arn:aws:iam::318581613021:user/sld_project is not authorized to perform: elasticfilesystem:DescribeFileSystems on the specified resource), retrying
efs_client.describe_file_systems failed with <class 'botocore.exceptions.ClientError'>(An error occurred (AccessDeniedException) when calling the DescribeFileSystems operation: User: arn:aws:iam::318581613021:user/sld_project is not authorized to perform: elasticfilesystem:DescribeFileSystems on the specified resource), retrying
efs_client.describe_file_systems failed with <class 'botocore.exceptions.ClientError'>(An error occurred (AccessDeniedException) when calling the DescribeFileSystems operation: User: arn:aws:iam::318581613021:user/sld_project is not authorized to perform: elasticfilesystem:DescribeFileSystems on the specified resource), retrying
efs_client.describe_file_systems failed with <class 'botocore.exceptions.ClientError'>(An error occurred (AccessDeniedException) when calling the DescribeFileSystems operation: User: arn:aws:iam::318581613021:user/sld_project is not authorized to perform: elasticfilesystem:DescribeFileSystems on the specified resource), retrying
efs_client.describe_file_systems failed with <class 'botocore.exceptions.ClientError'>(An error occurred (AccessDeniedException) when calling the DescribeFileSystems operation: User: arn:aws:iam::318581613021:user/sld_project is not authorized to perform: elasticfilesystem:DescribeFileSystems on the specified resource), retrying
efs_client.describe_file_systems failed with <class 'botocore.exceptions.ClientError'>(An error occurred (AccessDeniedException) when calling the DescribeFileSystems operation: User: arn:aws:iam::318581613021:user/sld_project is not authorized to perform: elasticfilesystem:DescribeFileSystems on the specified resource), retrying
efs_client.describe_file_systems failed with <class 'botocore.exceptions.ClientError'>(An error occurred (AccessDeniedException) when calling the DescribeFileSystems operation: User: arn:aws:iam::318581613021:user/sld_project is not authorized to perform: elasticfilesystem:DescribeFileSystems on the specified resource), retrying
efs_client.describe_file_systems failed with <class 'botocore.exceptions.ClientError'>(An error occurred (AccessDeniedException) when calling the DescribeFileSystems operation: User: arn:aws:iam::318581613021:user/sld_project is not authorized to perform: elasticfilesystem:DescribeFileSystems on the specified resource), retrying
efs_client.describe_file_systems failed with <class 'botocore.exceptions.ClientError'>(An error occurred (AccessDeniedException) when calling the DescribeFileSystems operation: User: arn:aws:iam::318581613021:user/sld_project is not authorized to perform: elasticfilesystem:DescribeFileSystems on the specified resource), retrying
efs_client.describe_file_systems failed with <class 'botocore.exceptions.ClientError'>(An error occurred (AccessDeniedException) when calling the DescribeFileSystems operation: User: arn:aws:iam::318581613021:user/sld_project is not authorized to perform: elasticfilesystem:DescribeFileSystems on the specified resource), retrying
efs_client.describe_file_systems failed with <class 'botocore.exceptions.ClientError'>(An error occurred (AccessDeniedException) when calling the DescribeFileSystems operation: User: arn:aws:iam::318581613021:user/sld_project is not authorized to perform: elasticfilesystem:DescribeFileSystems on the specified resource), retrying
efs_client.describe_file_systems failed with <class 'botocore.exceptions.ClientError'>(An error occurred (AccessDeniedException) when calling the DescribeFileSystems operation: User: arn:aws:iam::318581613021:user/sld_project is not authorized to perform: elasticfilesystem:DescribeFileSystems on the specified resource), retrying
efs_client.describe_file_systems failed with <class 'botocore.exceptions.ClientError'>(An error occurred (AccessDeniedException) when calling the DescribeFileSystems operation: User: arn:aws:iam::318581613021:user/sld_project is not authorized to perform: elasticfilesystem:DescribeFileSystems on the specified resource), retrying
efs_client.describe_file_systems failed with <class 'botocore.exceptions.ClientError'>(An error occurred (AccessDeniedException) when calling the DescribeFileSystems operation: User: arn:aws:iam::318581613021:user/sld_project is not authorized to perform: elasticfilesystem:DescribeFileSystems on the specified resource), retrying
efs_client.describe_file_systems failed with <class 'botocore.exceptions.ClientError'>(An error occurred (AccessDeniedException) when calling the DescribeFileSystems operation: User: arn:aws:iam::318581613021:user/sld_project is not authorized to perform: elasticfilesystem:DescribeFileSystems on the specified resource), retrying
efs_client.describe_file_systems failed with <class 'botocore.exceptions.ClientError'>(An error occurred (AccessDeniedException) when calling the DescribeFileSystems operation: User: arn:aws:iam::318581613021:user/sld_project is not authorized to perform: elasticfilesystem:DescribeFileSystems on the specified resource), retrying
efs_client.describe_file_systems failed with <class 'botocore.exceptions.ClientError'>(An error occurred (AccessDeniedException) when calling the DescribeFileSystems operation: User: arn:aws:iam::318581613021:user/sld_project is not authorized to perform: elasticfilesystem:DescribeFileSystems on the specified resource), retrying
efs_client.describe_file_systems failed with <class 'botocore.exceptions.ClientError'>(An error occurred (AccessDeniedException) when calling the DescribeFileSystems operation: User: arn:aws:iam::318581613021:user/sld_project is not authorized to perform: elasticfilesystem:DescribeFileSystems on the specified resource), retrying
efs_client.describe_file_systems failed with <class 'botocore.exceptions.ClientError'>(An error occurred (AccessDeniedException) when calling the DescribeFileSystems operation: User: arn:aws:iam::318581613021:user/sld_project is not authorized to perform: elasticfilesystem:DescribeFileSystems on the specified resource), retrying
efs_client.describe_file_systems failed with <class 'botocore.exceptions.ClientError'>(An error occurred (AccessDeniedException) when calling the DescribeFileSystems operation: User: arn:aws:iam::318581613021:user/sld_project is not authorized to perform: elasticfilesystem:DescribeFileSystems on the specified resource), retrying
efs_client.describe_file_systems failed with <class 'botocore.exceptions.ClientError'>(An error occurred (AccessDeniedException) when calling the DescribeFileSystems operation: User: arn:aws:iam::318581613021:user/sld_project is not authorized to perform: elasticfilesystem:DescribeFileSystems on the specified resource), retrying
efs_client.describe_file_systems failed with <class 'botocore.exceptions.ClientError'>(An error occurred (AccessDeniedException) when calling the DescribeFileSystems operation: User: arn:aws:iam::318581613021:user/sld_project is not authorized to perform: elasticfilesystem:DescribeFileSystems on the specified resource), retrying
^CTraceback (most recent call last):
  File "/mnt/sld/env/lib/python3.6/site-packages/ncluster/aws_util.py", line 593, in call_with_retries
    value = method(**kwargs)
  File "/mnt/sld/env/lib/python3.6/site-packages/botocore/client.py", line 320, in _api_call
    return self._make_api_call(operation_name, kwargs)
  File "/mnt/sld/env/lib/python3.6/site-packages/botocore/client.py", line 623, in _make_api_call
    raise error_class(parsed_response, operation_name)
botocore.exceptions.ClientError: An error occurred (AccessDeniedException) when calling the DescribeFileSystems operation: User: arn:aws:iam::318581613021:user/sld_project is not authorized to perform: elasticfilesystem:DescribeFileSystems on the specified resource

During handling of the above exception, another exception occurred:

Traceback (most recent call last):
  File "train.py", line 196, in <module>
    main()
  File "train.py", line 165, in main
    install_script=open('setup.sh').read())
  File "/mnt/sld/env/lib/python3.6/site-packages/ncluster/ncluster.py", line 106, in make_job
    install_script=install_script, **kwargs)
  File "/mnt/sld/env/lib/python3.6/site-packages/ncluster/aws_backend.py", line 840, in make_job
    _maybe_create_resources(tasks[0])
  File "/mnt/sld/env/lib/python3.6/site-packages/ncluster/aws_backend.py", line 983, in _maybe_create_resources
    create_lib.create_resources()
  File "/mnt/sld/env/lib/python3.6/site-packages/ncluster/aws_create_resources.py", line 283, in create_resources
    efss = u.get_efs_dict()
  File "/mnt/sld/env/lib/python3.6/site-packages/ncluster/aws_util.py", line 108, in get_efs_dict
    'efs_client.describe_file_systems')
  File "/mnt/sld/env/lib/python3.6/site-packages/ncluster/aws_util.py", line 598, in call_with_retries
    time.sleep(retry_interval_sec)
KeyboardInterrupt
